<?xml version="1.0" encoding="UTF-8"?>
<testng-results ignored="0" total="4" passed="4" failed="0" skipped="0">
  <reporter-output>
  </reporter-output>
  <suite started-at="2024-08-23T23:11:30 IST" name="Suite" finished-at="2024-08-23T23:12:27 IST" duration-ms="57073">
    <groups>
    </groups>
    <test started-at="2024-08-23T23:11:30 IST" name="Test" finished-at="2024-08-23T23:12:27 IST" duration-ms="57073">
      <class name="RemoteTest.Test3">
        <test-method signature="test3()[pri:0, instance:RemoteTest.Test3@609cd4d8]" started-at="2024-08-23T23:12:00 IST" name="test3" finished-at="2024-08-23T23:12:14 IST" duration-ms="14061" status="PASS">
          <reporter-output>
          </reporter-output>
        </test-method> <!-- test3 -->
      </class> <!-- RemoteTest.Test3 -->
      <class name="RemoteTest.Test2">
        <test-method signature="test2()[pri:0, instance:RemoteTest.Test2@17f7cd29]" started-at="2024-08-23T23:12:00 IST" name="test2" finished-at="2024-08-23T23:12:15 IST" duration-ms="15516" status="PASS">
          <reporter-output>
          </reporter-output>
        </test-method> <!-- test2 -->
      </class> <!-- RemoteTest.Test2 -->
      <class name="RemoteTest.Setup_Docker">
        <test-method is-config="true" signature="startDockergrid()[pri:0, instance:RemoteTest.Setup_Docker@55b0dcab]" started-at="2024-08-23T23:11:30 IST" name="startDockergrid" finished-at="2024-08-23T23:12:00 IST" duration-ms="30024" status="PASS">
          <reporter-output>
          </reporter-output>
        </test-method> <!-- startDockergrid -->
        <test-method is-config="true" signature="shutdownDockergrid()[pri:0, instance:RemoteTest.Setup_Docker@55b0dcab]" started-at="2024-08-23T23:12:17 IST" name="shutdownDockergrid" finished-at="2024-08-23T23:12:27 IST" duration-ms="10035" status="PASS">
          <reporter-output>
          </reporter-output>
        </test-method> <!-- shutdownDockergrid -->
      </class> <!-- RemoteTest.Setup_Docker -->
      <class name="RemoteTest.Test1">
        <test-method signature="test1()[pri:0, instance:RemoteTest.Test1@bccb269]" started-at="2024-08-23T23:12:00 IST" name="test1" finished-at="2024-08-23T23:12:17 IST" duration-ms="16952" status="PASS">
          <reporter-output>
          </reporter-output>
        </test-method> <!-- test1 -->
      </class> <!-- RemoteTest.Test1 -->
      <class name="RemoteTest.Test4">
        <test-method signature="test4()[pri:0, instance:RemoteTest.Test4@7d8704ef]" started-at="2024-08-23T23:12:00 IST" name="test4" finished-at="2024-08-23T23:12:09 IST" duration-ms="8845" status="PASS">
          <reporter-output>
          </reporter-output>
        </test-method> <!-- test4 -->
      </class> <!-- RemoteTest.Test4 -->
    </test> <!-- Test -->
  </suite> <!-- Suite -->
</testng-results>
