<?xml version="1.0" encoding="UTF-8"?>
<testsuite xmlns:xsi="http://www.w3.org/2001/XMLSchema-instance" xsi:noNamespaceSchemaLocation="https://maven.apache.org/surefire/maven-surefire-plugin/xsd/surefire-test-report-3.0.xsd" version="3.0" name="TestSuite" time="54.55" tests="4" errors="0" skipped="0" failures="0">
  <properties>
[...]
</properties>
  <testcase name="test2" classname="RemoteTest.Test2" time="4.757">
    <system-out><![CDATA[21:29:13.043 [main] DEBUG org.testng.TestNG - suiteXmlPath: "D:\Projects\testng-master\testng-master\remote.xml"
21:29:13.092 [main] WARN org.testng.xml.TestNGContentHandler - Failed to read [/D:/Projects/testng-master/testng-master/testng-1.0.dtd] from CLASSPATH. Attempting to read from [file:///D:/Projects/testng-master/testng-master/testng-1.0.dtd].
21:29:13.097 [main] WARN org.testng.xml.TestNGContentHandler - It is strongly recommended to add "<!DOCTYPE suite SYSTEM "https://testng.org/testng-1.1.dtd" >" at the top of the suite file [D:\Projects\testng-master\testng-master\remote.xml] otherwise TestNG may fail or not work as expected.
Title: Instagram
]]></system-out>
    <system-err><![CDATA[Ability to run JUnit tests via TestNG was deprecated in v7.7.0 and is NOW being removed permanently. If you would like to run a mixture of TestNG and JUnit tests then please take a look at  https://github.com/junit-team/testng-engine which is now maintained by the JUnit team
Ability to run JUnit tests via TestNG was deprecated in v7.7.0 and is NOW being removed permanently. If you would like to run a mixture of TestNG and JUnit tests then please take a look at  https://github.com/junit-team/testng-engine which is now maintained by the JUnit team
Aug 21, 2024 9:29:33 PM org.openqa.selenium.remote.tracing.opentelemetry.OpenTelemetryTracer createTracer
INFO: Using OpenTelemetry for tracing
]]></system-err>
  </testcase>
  <testcase name="test1" classname="RemoteTest.Test1" time="6.778">
    <system-out><![CDATA[Title: Facebook - लॉग इन या साइन अप करें
]]></system-out>
  </testcase>
  <testcase name="test3" classname="RemoteTest.Test3" time="12.948">
    <system-out><![CDATA[Title: X. It’s what’s happening / X
]]></system-out>
  </testcase>
  <testcase name="test4" classname="RemoteTest.Test4" time="23.778">
    <system-out><![CDATA[Title: Hindi news, हिंदी न्यूज़ , Hindi Samachar, हिंदी समाचार, Latest News in Hindi, Breaking News in Hindi, ताजा ख़बरें, Aaj Tak News
]]></system-out>
  </testcase>
</testsuite>