<?xml version="1.0" encoding="UTF-8"?>
<testng-results ignored="0" total="4" passed="4" failed="0" skipped="0">
  <reporter-output>
  </reporter-output>
  <suite started-at="2024-08-21T21:29:13 IST" name="Suite" finished-at="2024-08-21T21:30:07 IST" duration-ms="53914">
    <groups>
    </groups>
    <test started-at="2024-08-21T21:29:13 IST" name="Test" finished-at="2024-08-21T21:30:07 IST" duration-ms="53914">
      <class name="RemoteTest.Test3">
        <test-method signature="test3()[pri:0, instance:RemoteTest.Test3@1df8da7a]" started-at="2024-08-21T21:29:33 IST" name="test3" finished-at="2024-08-21T21:29:46 IST" duration-ms="12950" status="PASS">
          <reporter-output>
          </reporter-output>
        </test-method> <!-- test3 -->
      </class> <!-- RemoteTest.Test3 -->
      <class name="RemoteTest.Test2">
        <test-method signature="test2()[pri:0, instance:RemoteTest.Test2@23941fb4]" started-at="2024-08-21T21:29:33 IST" name="test2" finished-at="2024-08-21T21:29:38 IST" duration-ms="4756" status="PASS">
          <reporter-output>
          </reporter-output>
        </test-method> <!-- test2 -->
      </class> <!-- RemoteTest.Test2 -->
      <class name="RemoteTest.Setup_Docker">
        <test-method is-config="true" signature="startDockergrid()[pri:0, instance:RemoteTest.Setup_Docker@3aa078fd]" started-at="2024-08-21T21:29:13 IST" name="startDockergrid" finished-at="2024-08-21T21:29:33 IST" duration-ms="20042" status="PASS">
          <reporter-output>
          </reporter-output>
        </test-method> <!-- startDockergrid -->
        <test-method is-config="true" signature="shutdownDockergrid()[pri:0, instance:RemoteTest.Setup_Docker@3aa078fd]" started-at="2024-08-21T21:29:57 IST" name="shutdownDockergrid" finished-at="2024-08-21T21:30:07 IST" duration-ms="10038" status="PASS">
          <reporter-output>
          </reporter-output>
        </test-method> <!-- shutdownDockergrid -->
      </class> <!-- RemoteTest.Setup_Docker -->
      <class name="RemoteTest.Test1">
        <test-method signature="test1()[pri:0, instance:RemoteTest.Test1@798162bc]" started-at="2024-08-21T21:29:33 IST" name="test1" finished-at="2024-08-21T21:29:40 IST" duration-ms="6779" status="PASS">
          <reporter-output>
          </reporter-output>
        </test-method> <!-- test1 -->
      </class> <!-- RemoteTest.Test1 -->
      <class name="RemoteTest.Test4">
        <test-method signature="test4()[pri:0, instance:RemoteTest.Test4@7486b455]" started-at="2024-08-21T21:29:33 IST" name="test4" finished-at="2024-08-21T21:29:57 IST" duration-ms="23780" status="PASS">
          <reporter-output>
          </reporter-output>
        </test-method> <!-- test4 -->
      </class> <!-- RemoteTest.Test4 -->
    </test> <!-- Test -->
  </suite> <!-- Suite -->
</testng-results>
