<?xml version="1.0" encoding="UTF-8"?>
<!-- Generated by org.testng.reporters.JUnitXMLReporter -->
<testsuite ignored="0" hostname="TBSLT00680" failures="0" tests="5" name="Default test" time="0.076" errors="0" timestamp="2024-07-24T16:40:49 IST">
  <testcase classname="BasicTest.Depends" name="launchurl" time="0.013"/>
  <testcase classname="BasicTest.Depends" name="login" time="0.001"/>
  <testcase classname="BasicTest.Depends" name="search" time="0.001"/>
  <testcase classname="BasicTest.Depends" name="click" time="0.001"/>
  <testcase classname="BasicTest.Depends" name="logout" time="0.002"/>
</testsuite> <!-- Default test -->
