<?xml version="1.0" encoding="UTF-8"?>
<!-- Generated by org.testng.reporters.JUnitXMLReporter -->
<testsuite ignored="0" hostname="TILLT05308" failures="1" tests="1" name="Facebook Login Test" time="0.074" errors="0" timestamp="2024-06-15T21:25:56 IST">
  <testcase classname="ExtentReport.Facebook_Login" name="faceBookLogin" time="0.018">
    <failure type="java.lang.AssertionError" message="expected [400] but found [300]">
      <![CDATA[java.lang.AssertionError: expected [400] but found [300]
at ExtentReport.Facebook_Login.faceBookLogin(Facebook_Login.java:35)
at java.base/java.util.ArrayList.forEach(ArrayList.java:1511)
... Removed 34 stack frames]]>
    </failure>
  </testcase> <!-- faceBookLogin -->
</testsuite> <!-- Facebook Login Test -->
