<?xml version="1.0" encoding="UTF-8"?>
<!-- Generated by org.testng.reporters.JUnitXMLReporter -->
<testsuite ignored="0" hostname="DESKTOP-P1CM33A" failures="0" tests="4" name="Test" time="52.639" errors="0" timestamp="2024-08-21T20:42:49 IST">
  <testcase classname="RemoteTest.Test2" name="test2" time="5.576"/>
  <testcase classname="RemoteTest.Test3" name="test3" time="12.212"/>
  <testcase classname="RemoteTest.Test4" name="test4" time="20.254"/>
  <testcase classname="RemoteTest.Test1" name="test1" time="22.531"/>
</testsuite> <!-- Test -->
