<?xml version="1.0" encoding="UTF-8"?>
<!-- Generated by org.testng.reporters.JUnitXMLReporter -->
<testsuite ignored="0" hostname="TBSLT00680" failures="0" tests="3" name="Unit Test" time="0.086" errors="0" timestamp="2024-07-23T13:15:08 IST">
  <testcase classname="DataProvider.DataProviderParameterexample" name="Scenario1" time="0.015"/>
  <testcase classname="DataProvider.DataProviderParameterexample" name="Scenario2" time="0.001"/>
  <testcase classname="DataProvider.DataProviderParameterexample" name="ScenarioCommon" time="0.001"/>
</testsuite> <!-- Unit Test -->
