<?xml version="1.0" encoding="UTF-8"?>
<testng-results ignored="0" total="12" passed="7" failed="5" skipped="0">
  <reporter-output>
  </reporter-output>
  <suite started-at="2024-08-18T01:28:14 IST" name="Testng Suite" finished-at="2024-08-18T01:28:14 IST" duration-ms="832">
    <groups>
    </groups>
    <test started-at="2024-08-18T01:28:14 IST" name="Facebook Registration Test" finished-at="2024-08-18T01:28:14 IST" duration-ms="568">
      <class name="ExtentReport.FaceBook_Registration">
        <test-method is-config="true" signature="extentReportStart()[pri:0, instance:ExtentReport.FaceBook_Registration@102cec62]" started-at="2024-08-18T01:28:14 IST" name="extentReportStart" finished-at="2024-08-18T01:28:14 IST" duration-ms="223" status="PASS">
          <reporter-output>
          </reporter-output>
        </test-method> <!-- extentReportStart -->
        <test-method signature="faceBookRegistration()[pri:0, instance:ExtentReport.FaceBook_Registration@102cec62]" started-at="2024-08-18T01:28:14 IST" name="faceBookRegistration" finished-at="2024-08-18T01:28:14 IST" duration-ms="10" status="PASS">
          <reporter-output>
          </reporter-output>
        </test-method> <!-- faceBookRegistration -->
        <test-method is-config="true" signature="quitReport()[pri:0, instance:ExtentReport.FaceBook_Registration@102cec62]" started-at="2024-08-18T01:28:14 IST" name="quitReport" finished-at="2024-08-18T01:28:14 IST" duration-ms="289" status="PASS">
          <reporter-output>
          </reporter-output>
        </test-method> <!-- quitReport -->
      </class> <!-- ExtentReport.FaceBook_Registration -->
    </test> <!-- Facebook Registration Test -->
    <test started-at="2024-08-18T01:28:14 IST" name="Facebook Login Test" finished-at="2024-08-18T01:28:14 IST" duration-ms="220">
      <class name="ExtentReport.Facebook_Login">
        <test-method is-config="true" signature="initializingExtentReport(org.testng.ITestResult)[pri:0, instance:ExtentReport.Facebook_Login@6c61a903]" started-at="2024-08-18T01:28:14 IST" name="initializingExtentReport" finished-at="2024-08-18T01:28:14 IST" duration-ms="3" status="PASS">
          <params>
            <param index="0">
              <value>
                <![CDATA[[TestResult name={null} status=CREATED method=Facebook_Login.faceBook_HomePage()[pri:0, instance:ExtentReport.Facebook_Login@6c61a903] output={null}]]]>
              </value>
            </param>
          </params>
          <reporter-output>
          </reporter-output>
        </test-method> <!-- initializingExtentReport -->
        <test-method signature="faceBook_HomePage()[pri:0, instance:ExtentReport.Facebook_Login@6c61a903]" started-at="2024-08-18T01:28:14 IST" name="faceBook_HomePage" finished-at="2024-08-18T01:28:14 IST" duration-ms="2" status="PASS">
          <reporter-output>
          </reporter-output>
        </test-method> <!-- faceBook_HomePage -->
        <test-method is-config="true" signature="quitReport()[pri:0, instance:ExtentReport.Facebook_Login@6c61a903]" started-at="2024-08-18T01:28:14 IST" name="quitReport" finished-at="2024-08-18T01:28:14 IST" duration-ms="14" status="PASS">
          <reporter-output>
          </reporter-output>
        </test-method> <!-- quitReport -->
        <test-method is-config="true" signature="initializingExtentReport(org.testng.ITestResult)[pri:0, instance:ExtentReport.Facebook_Login@6c61a903]" started-at="2024-08-18T01:28:14 IST" name="initializingExtentReport" finished-at="2024-08-18T01:28:14 IST" duration-ms="2" status="PASS">
          <params>
            <param index="0">
              <value>
                <![CDATA[[TestResult name={null} status=CREATED method=Facebook_Login.faceBook_Login()[pri:0, instance:ExtentReport.Facebook_Login@6c61a903] output={null}]]]>
              </value>
            </param>
          </params>
          <reporter-output>
          </reporter-output>
        </test-method> <!-- initializingExtentReport -->
        <test-method signature="faceBook_Login()[pri:0, instance:ExtentReport.Facebook_Login@6c61a903]" started-at="2024-08-18T01:28:14 IST" name="faceBook_Login" finished-at="2024-08-18T01:28:14 IST" duration-ms="20" status="FAIL">
          <exception class="java.lang.AssertionError">
            <message>
              <![CDATA[expected [400] but found [300]]]>
            </message>
            <full-stacktrace>
              <![CDATA[java.lang.AssertionError: expected [400] but found [300]
at org.testng.Assert.fail(Assert.java:111)
at org.testng.Assert.failNotEquals(Assert.java:1578)
at org.testng.Assert.assertEqualsImpl(Assert.java:150)
at org.testng.Assert.assertEquals(Assert.java:132)
at org.testng.Assert.assertEquals(Assert.java:1419)
at org.testng.Assert.assertEquals(Assert.java:1383)
at org.testng.Assert.assertEquals(Assert.java:1429)
at ExtentReport.Facebook_Login.faceBook_Login(Facebook_Login.java:27)
at java.base/jdk.internal.reflect.DirectMethodHandleAccessor.invoke(DirectMethodHandleAccessor.java:103)
at java.base/java.lang.reflect.Method.invoke(Method.java:580)
at org.testng.internal.invokers.MethodInvocationHelper.invokeMethod(MethodInvocationHelper.java:141)
at org.testng.internal.invokers.TestInvoker.invokeMethod(TestInvoker.java:686)
at org.testng.internal.invokers.TestInvoker.invokeTestMethod(TestInvoker.java:230)
at org.testng.internal.invokers.MethodRunner.runInSequence(MethodRunner.java:63)
at org.testng.internal.invokers.TestInvoker$MethodInvocationAgent.invoke(TestInvoker.java:992)
at org.testng.internal.invokers.TestInvoker.invokeTestMethods(TestInvoker.java:203)
at org.testng.internal.invokers.TestMethodWorker.invokeTestMethods(TestMethodWorker.java:154)
at org.testng.internal.invokers.TestMethodWorker.run(TestMethodWorker.java:134)
at java.base/java.util.ArrayList.forEach(ArrayList.java:1596)
at org.testng.TestRunner.privateRun(TestRunner.java:739)
at org.testng.TestRunner.run(TestRunner.java:614)
at org.testng.SuiteRunner.runTest(SuiteRunner.java:421)
at org.testng.SuiteRunner.runSequentially(SuiteRunner.java:413)
at org.testng.SuiteRunner.privateRun(SuiteRunner.java:373)
at org.testng.SuiteRunner.run(SuiteRunner.java:312)
at org.testng.SuiteRunnerWorker.runSuite(SuiteRunnerWorker.java:52)
at org.testng.SuiteRunnerWorker.run(SuiteRunnerWorker.java:95)
at org.testng.TestNG.runSuitesSequentially(TestNG.java:1274)
at org.testng.TestNG.runSuitesLocally(TestNG.java:1208)
at org.testng.TestNG.runSuites(TestNG.java:1112)
at org.testng.TestNG.run(TestNG.java:1079)
at org.testng.remote.AbstractRemoteTestNG.run(AbstractRemoteTestNG.java:115)
at org.testng.remote.RemoteTestNG.initAndRun(RemoteTestNG.java:293)
at org.testng.remote.RemoteTestNG.main(RemoteTestNG.java:91)
]]>
            </full-stacktrace>
          </exception> <!-- java.lang.AssertionError -->
          <reporter-output>
          </reporter-output>
        </test-method> <!-- faceBook_Login -->
        <test-method is-config="true" signature="quitReport()[pri:0, instance:ExtentReport.Facebook_Login@6c61a903]" started-at="2024-08-18T01:28:14 IST" name="quitReport" finished-at="2024-08-18T01:28:14 IST" duration-ms="12" status="PASS">
          <reporter-output>
          </reporter-output>
        </test-method> <!-- quitReport -->
        <test-method is-config="true" signature="initializingExtentReport(org.testng.ITestResult)[pri:0, instance:ExtentReport.Facebook_Login@6c61a903]" started-at="2024-08-18T01:28:14 IST" name="initializingExtentReport" finished-at="2024-08-18T01:28:14 IST" duration-ms="2" status="PASS">
          <params>
            <param index="0">
              <value>
                <![CDATA[[TestResult name={null} status=CREATED method=Facebook_Login.faceBook_Login()[pri:0, instance:ExtentReport.Facebook_Login@6c61a903] output={null}]]]>
              </value>
            </param>
          </params>
          <reporter-output>
          </reporter-output>
        </test-method> <!-- initializingExtentReport -->
        <test-method signature="faceBook_Login()[pri:0, instance:ExtentReport.Facebook_Login@6c61a903]" started-at="2024-08-18T01:28:14 IST" name="faceBook_Login" finished-at="2024-08-18T01:28:14 IST" duration-ms="2" status="FAIL">
          <exception class="java.lang.AssertionError">
            <message>
              <![CDATA[expected [400] but found [300]]]>
            </message>
            <full-stacktrace>
              <![CDATA[java.lang.AssertionError: expected [400] but found [300]
at org.testng.Assert.fail(Assert.java:111)
at org.testng.Assert.failNotEquals(Assert.java:1578)
at org.testng.Assert.assertEqualsImpl(Assert.java:150)
at org.testng.Assert.assertEquals(Assert.java:132)
at org.testng.Assert.assertEquals(Assert.java:1419)
at org.testng.Assert.assertEquals(Assert.java:1383)
at org.testng.Assert.assertEquals(Assert.java:1429)
at ExtentReport.Facebook_Login.faceBook_Login(Facebook_Login.java:27)
at java.base/jdk.internal.reflect.DirectMethodHandleAccessor.invoke(DirectMethodHandleAccessor.java:103)
at java.base/java.lang.reflect.Method.invoke(Method.java:580)
at org.testng.internal.invokers.MethodInvocationHelper.invokeMethod(MethodInvocationHelper.java:141)
at org.testng.internal.invokers.TestInvoker.invokeMethod(TestInvoker.java:686)
at org.testng.internal.invokers.TestInvoker.invokeTestMethod(TestInvoker.java:230)
at org.testng.internal.invokers.MethodRunner.runInSequence(MethodRunner.java:63)
at org.testng.internal.invokers.TestInvoker$MethodInvocationAgent.invoke(TestInvoker.java:992)
at org.testng.internal.invokers.TestInvoker.invokeTestMethods(TestInvoker.java:203)
at org.testng.internal.invokers.TestMethodWorker.invokeTestMethods(TestMethodWorker.java:154)
at org.testng.internal.invokers.TestMethodWorker.run(TestMethodWorker.java:134)
at java.base/java.util.ArrayList.forEach(ArrayList.java:1596)
at org.testng.TestRunner.privateRun(TestRunner.java:739)
at org.testng.TestRunner.run(TestRunner.java:614)
at org.testng.SuiteRunner.runTest(SuiteRunner.java:421)
at org.testng.SuiteRunner.runSequentially(SuiteRunner.java:413)
at org.testng.SuiteRunner.privateRun(SuiteRunner.java:373)
at org.testng.SuiteRunner.run(SuiteRunner.java:312)
at org.testng.SuiteRunnerWorker.runSuite(SuiteRunnerWorker.java:52)
at org.testng.SuiteRunnerWorker.run(SuiteRunnerWorker.java:95)
at org.testng.TestNG.runSuitesSequentially(TestNG.java:1274)
at org.testng.TestNG.runSuitesLocally(TestNG.java:1208)
at org.testng.TestNG.runSuites(TestNG.java:1112)
at org.testng.TestNG.run(TestNG.java:1079)
at org.testng.remote.AbstractRemoteTestNG.run(AbstractRemoteTestNG.java:115)
at org.testng.remote.RemoteTestNG.initAndRun(RemoteTestNG.java:293)
at org.testng.remote.RemoteTestNG.main(RemoteTestNG.java:91)
]]>
            </full-stacktrace>
          </exception> <!-- java.lang.AssertionError -->
          <reporter-output>
          </reporter-output>
        </test-method> <!-- faceBook_Login -->
        <test-method is-config="true" signature="quitReport()[pri:0, instance:ExtentReport.Facebook_Login@6c61a903]" started-at="2024-08-18T01:28:14 IST" name="quitReport" finished-at="2024-08-18T01:28:14 IST" duration-ms="12" status="PASS">
          <reporter-output>
          </reporter-output>
        </test-method> <!-- quitReport -->
        <test-method signature="faceBook_Login()[pri:0, instance:ExtentReport.Facebook_Login@6c61a903]" started-at="2024-08-18T01:28:14 IST" name="faceBook_Login" finished-at="2024-08-18T01:28:14 IST" duration-ms="2" status="FAIL">
          <exception class="java.lang.AssertionError">
            <message>
              <![CDATA[expected [400] but found [300]]]>
            </message>
            <full-stacktrace>
              <![CDATA[java.lang.AssertionError: expected [400] but found [300]
at org.testng.Assert.fail(Assert.java:111)
at org.testng.Assert.failNotEquals(Assert.java:1578)
at org.testng.Assert.assertEqualsImpl(Assert.java:150)
at org.testng.Assert.assertEquals(Assert.java:132)
at org.testng.Assert.assertEquals(Assert.java:1419)
at org.testng.Assert.assertEquals(Assert.java:1383)
at org.testng.Assert.assertEquals(Assert.java:1429)
at ExtentReport.Facebook_Login.faceBook_Login(Facebook_Login.java:27)
at java.base/jdk.internal.reflect.DirectMethodHandleAccessor.invoke(DirectMethodHandleAccessor.java:103)
at java.base/java.lang.reflect.Method.invoke(Method.java:580)
at org.testng.internal.invokers.MethodInvocationHelper.invokeMethod(MethodInvocationHelper.java:141)
at org.testng.internal.invokers.TestInvoker.invokeMethod(TestInvoker.java:686)
at org.testng.internal.invokers.TestInvoker.invokeTestMethod(TestInvoker.java:230)
at org.testng.internal.invokers.MethodRunner.runInSequence(MethodRunner.java:63)
at org.testng.internal.invokers.TestInvoker$MethodInvocationAgent.invoke(TestInvoker.java:992)
at org.testng.internal.invokers.TestInvoker.invokeTestMethods(TestInvoker.java:203)
at org.testng.internal.invokers.TestMethodWorker.invokeTestMethods(TestMethodWorker.java:154)
at org.testng.internal.invokers.TestMethodWorker.run(TestMethodWorker.java:134)
at java.base/java.util.ArrayList.forEach(ArrayList.java:1596)
at org.testng.TestRunner.privateRun(TestRunner.java:739)
at org.testng.TestRunner.run(TestRunner.java:614)
at org.testng.SuiteRunner.runTest(SuiteRunner.java:421)
at org.testng.SuiteRunner.runSequentially(SuiteRunner.java:413)
at org.testng.SuiteRunner.privateRun(SuiteRunner.java:373)
at org.testng.SuiteRunner.run(SuiteRunner.java:312)
at org.testng.SuiteRunnerWorker.runSuite(SuiteRunnerWorker.java:52)
at org.testng.SuiteRunnerWorker.run(SuiteRunnerWorker.java:95)
at org.testng.TestNG.runSuitesSequentially(TestNG.java:1274)
at org.testng.TestNG.runSuitesLocally(TestNG.java:1208)
at org.testng.TestNG.runSuites(TestNG.java:1112)
at org.testng.TestNG.run(TestNG.java:1079)
at org.testng.remote.AbstractRemoteTestNG.run(AbstractRemoteTestNG.java:115)
at org.testng.remote.RemoteTestNG.initAndRun(RemoteTestNG.java:293)
at org.testng.remote.RemoteTestNG.main(RemoteTestNG.java:91)
]]>
            </full-stacktrace>
          </exception> <!-- java.lang.AssertionError -->
          <reporter-output>
          </reporter-output>
        </test-method> <!-- faceBook_Login -->
        <test-method is-config="true" signature="initializingExtentReport(org.testng.ITestResult)[pri:0, instance:ExtentReport.Facebook_Login@6c61a903]" started-at="2024-08-18T01:28:14 IST" name="initializingExtentReport" finished-at="2024-08-18T01:28:14 IST" duration-ms="0" status="PASS">
          <params>
            <param index="0">
              <value>
                <![CDATA[[TestResult name={null} status=CREATED method=Facebook_Login.faceBook_Login()[pri:0, instance:ExtentReport.Facebook_Login@6c61a903] output={null}]]]>
              </value>
            </param>
          </params>
          <reporter-output>
          </reporter-output>
        </test-method> <!-- initializingExtentReport -->
        <test-method is-config="true" signature="quitReport()[pri:0, instance:ExtentReport.Facebook_Login@6c61a903]" started-at="2024-08-18T01:28:14 IST" name="quitReport" finished-at="2024-08-18T01:28:14 IST" duration-ms="12" status="PASS">
          <reporter-output>
          </reporter-output>
        </test-method> <!-- quitReport -->
        <test-method signature="faceBook_Login()[pri:0, instance:ExtentReport.Facebook_Login@6c61a903]" started-at="2024-08-18T01:28:14 IST" name="faceBook_Login" finished-at="2024-08-18T01:28:14 IST" duration-ms="3" status="FAIL">
          <exception class="java.lang.AssertionError">
            <message>
              <![CDATA[expected [400] but found [300]]]>
            </message>
            <full-stacktrace>
              <![CDATA[java.lang.AssertionError: expected [400] but found [300]
at org.testng.Assert.fail(Assert.java:111)
at org.testng.Assert.failNotEquals(Assert.java:1578)
at org.testng.Assert.assertEqualsImpl(Assert.java:150)
at org.testng.Assert.assertEquals(Assert.java:132)
at org.testng.Assert.assertEquals(Assert.java:1419)
at org.testng.Assert.assertEquals(Assert.java:1383)
at org.testng.Assert.assertEquals(Assert.java:1429)
at ExtentReport.Facebook_Login.faceBook_Login(Facebook_Login.java:27)
at java.base/jdk.internal.reflect.DirectMethodHandleAccessor.invoke(DirectMethodHandleAccessor.java:103)
at java.base/java.lang.reflect.Method.invoke(Method.java:580)
at org.testng.internal.invokers.MethodInvocationHelper.invokeMethod(MethodInvocationHelper.java:141)
at org.testng.internal.invokers.TestInvoker.invokeMethod(TestInvoker.java:686)
at org.testng.internal.invokers.TestInvoker.invokeTestMethod(TestInvoker.java:230)
at org.testng.internal.invokers.MethodRunner.runInSequence(MethodRunner.java:63)
at org.testng.internal.invokers.TestInvoker$MethodInvocationAgent.invoke(TestInvoker.java:992)
at org.testng.internal.invokers.TestInvoker.invokeTestMethods(TestInvoker.java:203)
at org.testng.internal.invokers.TestMethodWorker.invokeTestMethods(TestMethodWorker.java:154)
at org.testng.internal.invokers.TestMethodWorker.run(TestMethodWorker.java:134)
at java.base/java.util.ArrayList.forEach(ArrayList.java:1596)
at org.testng.TestRunner.privateRun(TestRunner.java:739)
at org.testng.TestRunner.run(TestRunner.java:614)
at org.testng.SuiteRunner.runTest(SuiteRunner.java:421)
at org.testng.SuiteRunner.runSequentially(SuiteRunner.java:413)
at org.testng.SuiteRunner.privateRun(SuiteRunner.java:373)
at org.testng.SuiteRunner.run(SuiteRunner.java:312)
at org.testng.SuiteRunnerWorker.runSuite(SuiteRunnerWorker.java:52)
at org.testng.SuiteRunnerWorker.run(SuiteRunnerWorker.java:95)
at org.testng.TestNG.runSuitesSequentially(TestNG.java:1274)
at org.testng.TestNG.runSuitesLocally(TestNG.java:1208)
at org.testng.TestNG.runSuites(TestNG.java:1112)
at org.testng.TestNG.run(TestNG.java:1079)
at org.testng.remote.AbstractRemoteTestNG.run(AbstractRemoteTestNG.java:115)
at org.testng.remote.RemoteTestNG.initAndRun(RemoteTestNG.java:293)
at org.testng.remote.RemoteTestNG.main(RemoteTestNG.java:91)
]]>
            </full-stacktrace>
          </exception> <!-- java.lang.AssertionError -->
          <reporter-output>
          </reporter-output>
        </test-method> <!-- faceBook_Login -->
        <test-method is-config="true" signature="initializingExtentReport(org.testng.ITestResult)[pri:0, instance:ExtentReport.Facebook_Login@6c61a903]" started-at="2024-08-18T01:28:14 IST" name="initializingExtentReport" finished-at="2024-08-18T01:28:14 IST" duration-ms="0" status="PASS">
          <params>
            <param index="0">
              <value>
                <![CDATA[[TestResult name={null} status=CREATED method=Facebook_Login.faceBook_Login()[pri:0, instance:ExtentReport.Facebook_Login@6c61a903] output={null}]]]>
              </value>
            </param>
          </params>
          <reporter-output>
          </reporter-output>
        </test-method> <!-- initializingExtentReport -->
        <test-method is-config="true" signature="quitReport()[pri:0, instance:ExtentReport.Facebook_Login@6c61a903]" started-at="2024-08-18T01:28:14 IST" name="quitReport" finished-at="2024-08-18T01:28:14 IST" duration-ms="10" status="PASS">
          <reporter-output>
          </reporter-output>
        </test-method> <!-- quitReport -->
        <test-method is-config="true" signature="initializingExtentReport(org.testng.ITestResult)[pri:0, instance:ExtentReport.Facebook_Login@6c61a903]" started-at="2024-08-18T01:28:14 IST" name="initializingExtentReport" finished-at="2024-08-18T01:28:14 IST" duration-ms="2" status="PASS">
          <params>
            <param index="0">
              <value>
                <![CDATA[[TestResult name={null} status=CREATED method=Facebook_Login.faceBook_Login()[pri:0, instance:ExtentReport.Facebook_Login@6c61a903] output={null}]]]>
              </value>
            </param>
          </params>
          <reporter-output>
          </reporter-output>
        </test-method> <!-- initializingExtentReport -->
        <test-method signature="faceBook_Login()[pri:0, instance:ExtentReport.Facebook_Login@6c61a903]" started-at="2024-08-18T01:28:14 IST" name="faceBook_Login" finished-at="2024-08-18T01:28:14 IST" duration-ms="1" status="FAIL">
          <exception class="java.lang.AssertionError">
            <message>
              <![CDATA[expected [400] but found [300]]]>
            </message>
            <full-stacktrace>
              <![CDATA[java.lang.AssertionError: expected [400] but found [300]
at org.testng.Assert.fail(Assert.java:111)
at org.testng.Assert.failNotEquals(Assert.java:1578)
at org.testng.Assert.assertEqualsImpl(Assert.java:150)
at org.testng.Assert.assertEquals(Assert.java:132)
at org.testng.Assert.assertEquals(Assert.java:1419)
at org.testng.Assert.assertEquals(Assert.java:1383)
at org.testng.Assert.assertEquals(Assert.java:1429)
at ExtentReport.Facebook_Login.faceBook_Login(Facebook_Login.java:27)
at java.base/jdk.internal.reflect.DirectMethodHandleAccessor.invoke(DirectMethodHandleAccessor.java:103)
at java.base/java.lang.reflect.Method.invoke(Method.java:580)
at org.testng.internal.invokers.MethodInvocationHelper.invokeMethod(MethodInvocationHelper.java:141)
at org.testng.internal.invokers.TestInvoker.invokeMethod(TestInvoker.java:686)
at org.testng.internal.invokers.TestInvoker.invokeTestMethod(TestInvoker.java:230)
at org.testng.internal.invokers.MethodRunner.runInSequence(MethodRunner.java:63)
at org.testng.internal.invokers.TestInvoker$MethodInvocationAgent.invoke(TestInvoker.java:992)
at org.testng.internal.invokers.TestInvoker.invokeTestMethods(TestInvoker.java:203)
at org.testng.internal.invokers.TestMethodWorker.invokeTestMethods(TestMethodWorker.java:154)
at org.testng.internal.invokers.TestMethodWorker.run(TestMethodWorker.java:134)
at java.base/java.util.ArrayList.forEach(ArrayList.java:1596)
at org.testng.TestRunner.privateRun(TestRunner.java:739)
at org.testng.TestRunner.run(TestRunner.java:614)
at org.testng.SuiteRunner.runTest(SuiteRunner.java:421)
at org.testng.SuiteRunner.runSequentially(SuiteRunner.java:413)
at org.testng.SuiteRunner.privateRun(SuiteRunner.java:373)
at org.testng.SuiteRunner.run(SuiteRunner.java:312)
at org.testng.SuiteRunnerWorker.runSuite(SuiteRunnerWorker.java:52)
at org.testng.SuiteRunnerWorker.run(SuiteRunnerWorker.java:95)
at org.testng.TestNG.runSuitesSequentially(TestNG.java:1274)
at org.testng.TestNG.runSuitesLocally(TestNG.java:1208)
at org.testng.TestNG.runSuites(TestNG.java:1112)
at org.testng.TestNG.run(TestNG.java:1079)
at org.testng.remote.AbstractRemoteTestNG.run(AbstractRemoteTestNG.java:115)
at org.testng.remote.RemoteTestNG.initAndRun(RemoteTestNG.java:293)
at org.testng.remote.RemoteTestNG.main(RemoteTestNG.java:91)
]]>
            </full-stacktrace>
          </exception> <!-- java.lang.AssertionError -->
          <reporter-output>
          </reporter-output>
        </test-method> <!-- faceBook_Login -->
        <test-method is-config="true" signature="quitReport()[pri:0, instance:ExtentReport.Facebook_Login@6c61a903]" started-at="2024-08-18T01:28:14 IST" name="quitReport" finished-at="2024-08-18T01:28:14 IST" duration-ms="13" status="PASS">
          <reporter-output>
          </reporter-output>
        </test-method> <!-- quitReport -->
        <test-method signature="faceBook_Notification()[pri:0, instance:ExtentReport.Facebook_Login@6c61a903]" started-at="2024-08-18T01:28:14 IST" name="faceBook_Notification" finished-at="2024-08-18T01:28:14 IST" duration-ms="2" status="PASS">
          <reporter-output>
          </reporter-output>
        </test-method> <!-- faceBook_Notification -->
        <test-method is-config="true" signature="initializingExtentReport(org.testng.ITestResult)[pri:0, instance:ExtentReport.Facebook_Login@6c61a903]" started-at="2024-08-18T01:28:14 IST" name="initializingExtentReport" finished-at="2024-08-18T01:28:14 IST" duration-ms="0" status="PASS">
          <params>
            <param index="0">
              <value>
                <![CDATA[[TestResult name={null} status=CREATED method=Facebook_Login.faceBook_Notification()[pri:0, instance:ExtentReport.Facebook_Login@6c61a903] output={null}]]]>
              </value>
            </param>
          </params>
          <reporter-output>
          </reporter-output>
        </test-method> <!-- initializingExtentReport -->
        <test-method is-config="true" signature="quitReport()[pri:0, instance:ExtentReport.Facebook_Login@6c61a903]" started-at="2024-08-18T01:28:14 IST" name="quitReport" finished-at="2024-08-18T01:28:14 IST" duration-ms="13" status="PASS">
          <reporter-output>
          </reporter-output>
        </test-method> <!-- quitReport -->
        <test-method signature="faceBook_Profile()[pri:0, instance:ExtentReport.Facebook_Login@6c61a903]" started-at="2024-08-18T01:28:14 IST" name="faceBook_Profile" finished-at="2024-08-18T01:28:14 IST" duration-ms="3" status="PASS">
          <reporter-output>
          </reporter-output>
        </test-method> <!-- faceBook_Profile -->
        <test-method is-config="true" signature="initializingExtentReport(org.testng.ITestResult)[pri:0, instance:ExtentReport.Facebook_Login@6c61a903]" started-at="2024-08-18T01:28:14 IST" name="initializingExtentReport" finished-at="2024-08-18T01:28:14 IST" duration-ms="0" status="PASS">
          <params>
            <param index="0">
              <value>
                <![CDATA[[TestResult name={null} status=CREATED method=Facebook_Login.faceBook_Profile()[pri:0, instance:ExtentReport.Facebook_Login@6c61a903] output={null}]]]>
              </value>
            </param>
          </params>
          <reporter-output>
          </reporter-output>
        </test-method> <!-- initializingExtentReport -->
        <test-method is-config="true" signature="quitReport()[pri:0, instance:ExtentReport.Facebook_Login@6c61a903]" started-at="2024-08-18T01:28:14 IST" name="quitReport" finished-at="2024-08-18T01:28:14 IST" duration-ms="13" status="PASS">
          <reporter-output>
          </reporter-output>
        </test-method> <!-- quitReport -->
        <test-method signature="faceBook_Registration()[pri:0, instance:ExtentReport.Facebook_Login@6c61a903]" started-at="2024-08-18T01:28:14 IST" name="faceBook_Registration" finished-at="2024-08-18T01:28:14 IST" duration-ms="2" status="PASS">
          <reporter-output>
          </reporter-output>
        </test-method> <!-- faceBook_Registration -->
        <test-method is-config="true" signature="initializingExtentReport(org.testng.ITestResult)[pri:0, instance:ExtentReport.Facebook_Login@6c61a903]" started-at="2024-08-18T01:28:14 IST" name="initializingExtentReport" finished-at="2024-08-18T01:28:14 IST" duration-ms="0" status="PASS">
          <params>
            <param index="0">
              <value>
                <![CDATA[[TestResult name={null} status=CREATED method=Facebook_Login.faceBook_Registration()[pri:0, instance:ExtentReport.Facebook_Login@6c61a903] output={null}]]]>
              </value>
            </param>
          </params>
          <reporter-output>
          </reporter-output>
        </test-method> <!-- initializingExtentReport -->
        <test-method is-config="true" signature="quitReport()[pri:0, instance:ExtentReport.Facebook_Login@6c61a903]" started-at="2024-08-18T01:28:14 IST" name="quitReport" finished-at="2024-08-18T01:28:14 IST" duration-ms="11" status="PASS">
          <reporter-output>
          </reporter-output>
        </test-method> <!-- quitReport -->
        <test-method signature="faceBook_TimeLine()[pri:0, instance:ExtentReport.Facebook_Login@6c61a903]" started-at="2024-08-18T01:28:14 IST" name="faceBook_TimeLine" finished-at="2024-08-18T01:28:14 IST" duration-ms="2" status="PASS">
          <reporter-output>
          </reporter-output>
        </test-method> <!-- faceBook_TimeLine -->
        <test-method is-config="true" signature="initializingExtentReport(org.testng.ITestResult)[pri:0, instance:ExtentReport.Facebook_Login@6c61a903]" started-at="2024-08-18T01:28:14 IST" name="initializingExtentReport" finished-at="2024-08-18T01:28:14 IST" duration-ms="0" status="PASS">
          <params>
            <param index="0">
              <value>
                <![CDATA[[TestResult name={null} status=CREATED method=Facebook_Login.faceBook_TimeLine()[pri:0, instance:ExtentReport.Facebook_Login@6c61a903] output={null}]]]>
              </value>
            </param>
          </params>
          <reporter-output>
          </reporter-output>
        </test-method> <!-- initializingExtentReport -->
        <test-method is-config="true" signature="quitReport()[pri:0, instance:ExtentReport.Facebook_Login@6c61a903]" started-at="2024-08-18T01:28:14 IST" name="quitReport" finished-at="2024-08-18T01:28:14 IST" duration-ms="13" status="PASS">
          <reporter-output>
          </reporter-output>
        </test-method> <!-- quitReport -->
        <test-method is-config="true" signature="initializingExtentReport(org.testng.ITestResult)[pri:0, instance:ExtentReport.Facebook_Login@6c61a903]" started-at="2024-08-18T01:28:14 IST" name="initializingExtentReport" finished-at="2024-08-18T01:28:14 IST" duration-ms="1" status="PASS">
          <params>
            <param index="0">
              <value>
                <![CDATA[[TestResult name={null} status=CREATED method=Facebook_Login.faceBook_posts()[pri:0, instance:ExtentReport.Facebook_Login@6c61a903] output={null}]]]>
              </value>
            </param>
          </params>
          <reporter-output>
          </reporter-output>
        </test-method> <!-- initializingExtentReport -->
        <test-method signature="faceBook_posts()[pri:0, instance:ExtentReport.Facebook_Login@6c61a903]" started-at="2024-08-18T01:28:14 IST" name="faceBook_posts" finished-at="2024-08-18T01:28:14 IST" duration-ms="2" status="PASS">
          <reporter-output>
          </reporter-output>
        </test-method> <!-- faceBook_posts -->
        <test-method is-config="true" signature="quitReport()[pri:0, instance:ExtentReport.Facebook_Login@6c61a903]" started-at="2024-08-18T01:28:14 IST" name="quitReport" finished-at="2024-08-18T01:28:14 IST" duration-ms="13" status="PASS">
          <reporter-output>
          </reporter-output>
        </test-method> <!-- quitReport -->
      </class> <!-- ExtentReport.Facebook_Login -->
    </test> <!-- Facebook Login Test -->
  </suite> <!-- Testng Suite -->
</testng-results>
