<?xml version="1.0" encoding="UTF-8"?>
<testng-results ignored="0" total="4" passed="4" failed="0" skipped="0">
  <reporter-output>
  </reporter-output>
  <suite started-at="2024-08-21T20:41:57 IST" name="Suite" finished-at="2024-08-21T20:42:49 IST" duration-ms="52639">
    <groups>
    </groups>
    <test started-at="2024-08-21T20:41:57 IST" name="Test" finished-at="2024-08-21T20:42:49 IST" duration-ms="52639">
      <class name="RemoteTest.Test3">
        <test-method signature="test3()[pri:0, instance:RemoteTest.Test3@7f8a9499]" started-at="2024-08-21T20:42:17 IST" name="test3" finished-at="2024-08-21T20:42:29 IST" duration-ms="12212" status="PASS">
          <reporter-output>
          </reporter-output>
        </test-method> <!-- test3 -->
      </class> <!-- RemoteTest.Test3 -->
      <class name="RemoteTest.Test2">
        <test-method signature="test2()[pri:0, instance:RemoteTest.Test2@5d43661b]" started-at="2024-08-21T20:42:17 IST" name="test2" finished-at="2024-08-21T20:42:22 IST" duration-ms="5576" status="PASS">
          <reporter-output>
          </reporter-output>
        </test-method> <!-- test2 -->
      </class> <!-- RemoteTest.Test2 -->
      <class name="RemoteTest.Setup_Docker">
        <test-method is-config="true" signature="startDockergrid()[pri:0, instance:RemoteTest.Setup_Docker@42b3b079]" started-at="2024-08-21T20:41:57 IST" name="startDockergrid" finished-at="2024-08-21T20:42:17 IST" duration-ms="20037" status="PASS">
          <reporter-output>
          </reporter-output>
        </test-method> <!-- startDockergrid -->
        <test-method is-config="true" signature="shutdownDockergrid()[pri:0, instance:RemoteTest.Setup_Docker@42b3b079]" started-at="2024-08-21T20:42:39 IST" name="shutdownDockergrid" finished-at="2024-08-21T20:42:49 IST" duration-ms="10023" status="PASS">
          <reporter-output>
          </reporter-output>
        </test-method> <!-- shutdownDockergrid -->
      </class> <!-- RemoteTest.Setup_Docker -->
      <class name="RemoteTest.Test1">
        <test-method signature="test1()[pri:0, instance:RemoteTest.Test1@2b72cb8a]" started-at="2024-08-21T20:42:17 IST" name="test1" finished-at="2024-08-21T20:42:39 IST" duration-ms="22531" status="PASS">
          <reporter-output>
          </reporter-output>
        </test-method> <!-- test1 -->
      </class> <!-- RemoteTest.Test1 -->
      <class name="RemoteTest.Test4">
        <test-method signature="test4()[pri:0, instance:RemoteTest.Test4@12299890]" started-at="2024-08-21T20:42:17 IST" name="test4" finished-at="2024-08-21T20:42:37 IST" duration-ms="20254" status="PASS">
          <reporter-output>
          </reporter-output>
        </test-method> <!-- test4 -->
      </class> <!-- RemoteTest.Test4 -->
    </test> <!-- Test -->
  </suite> <!-- Suite -->
</testng-results>
