<?xml version="1.0" encoding="UTF-8"?>
<!-- Generated by org.testng.reporters.JUnitXMLReporter -->
<testsuite ignored="0" hostname="DESKTOP-P1CM33A" failures="5" tests="11" name="Facebook Login Test" time="0.222" errors="0" timestamp="2024-07-30T13:01:51 IST">
  <testcase classname="ExtentReport.Facebook_Login" name="faceBook_HomePage" time="0.002"/>
  <testcase classname="ExtentReport.Facebook_Login" name="faceBook_Login" time="0.012">
    <failure type="java.lang.AssertionError" message="expected [400] but found [300]">
      <![CDATA[java.lang.AssertionError: expected [400] but found [300]
at ExtentReport.Facebook_Login.faceBook_Login(Facebook_Login.java:27)
at java.base/java.util.ArrayList.forEach(ArrayList.java:1596)
... Removed 32 stack frames]]>
    </failure>
  </testcase> <!-- faceBook_Login -->
  <testcase classname="ExtentReport.Facebook_Login" name="faceBook_Login" time="0.002">
    <failure type="java.lang.AssertionError" message="expected [400] but found [300]">
      <![CDATA[java.lang.AssertionError: expected [400] but found [300]
at ExtentReport.Facebook_Login.faceBook_Login(Facebook_Login.java:27)
at java.base/java.util.ArrayList.forEach(ArrayList.java:1596)
... Removed 32 stack frames]]>
    </failure>
  </testcase> <!-- faceBook_Login -->
  <testcase classname="ExtentReport.Facebook_Login" name="faceBook_Login" time="0.001">
    <failure type="java.lang.AssertionError" message="expected [400] but found [300]">
      <![CDATA[java.lang.AssertionError: expected [400] but found [300]
at ExtentReport.Facebook_Login.faceBook_Login(Facebook_Login.java:27)
at java.base/java.util.ArrayList.forEach(ArrayList.java:1596)
... Removed 32 stack frames]]>
    </failure>
  </testcase> <!-- faceBook_Login -->
  <testcase classname="ExtentReport.Facebook_Login" name="faceBook_Login" time="0.002">
    <failure type="java.lang.AssertionError" message="expected [400] but found [300]">
      <![CDATA[java.lang.AssertionError: expected [400] but found [300]
at ExtentReport.Facebook_Login.faceBook_Login(Facebook_Login.java:27)
at java.base/java.util.ArrayList.forEach(ArrayList.java:1596)
... Removed 32 stack frames]]>
    </failure>
  </testcase> <!-- faceBook_Login -->
  <testcase classname="ExtentReport.Facebook_Login" name="faceBook_Login" time="0.002">
    <failure type="java.lang.AssertionError" message="expected [400] but found [300]">
      <![CDATA[java.lang.AssertionError: expected [400] but found [300]
at ExtentReport.Facebook_Login.faceBook_Login(Facebook_Login.java:27)
at java.base/java.util.ArrayList.forEach(ArrayList.java:1596)
... Removed 32 stack frames]]>
    </failure>
  </testcase> <!-- faceBook_Login -->
  <testcase classname="ExtentReport.Facebook_Login" name="faceBook_Notification" time="0.002"/>
  <testcase classname="ExtentReport.Facebook_Login" name="faceBook_Profile" time="0.002"/>
  <testcase classname="ExtentReport.Facebook_Login" name="faceBook_Registration" time="0.001"/>
  <testcase classname="ExtentReport.Facebook_Login" name="faceBook_TimeLine" time="0.002"/>
  <testcase classname="ExtentReport.Facebook_Login" name="faceBook_posts" time="0.001"/>
</testsuite> <!-- Facebook Login Test -->
