<?xml version="1.0" encoding="UTF-8"?>
<testng-results ignored="0" total="0" passed="0" failed="0" skipped="0">
  <reporter-output>
  </reporter-output>
  <suite started-at="2024-10-09T11:57:40 IST" name="Suite" finished-at="2024-10-09T11:57:45 IST" duration-ms="4742">
    <groups>
    </groups>
    <test started-at="2024-10-09T11:57:40 IST" name="browser" finished-at="2024-10-09T11:57:45 IST" duration-ms="4742">
      <class name="Test.OptionalParameters">
        <test-method is-config="true" signature="Intializebrowser(java.lang.String)[pri:0, instance:Test.OptionalParameters@55f616cf]" started-at="2024-10-09T11:57:40 IST" name="Intializebrowser" finished-at="2024-10-09T11:57:45 IST" duration-ms="4724" status="PASS">
          <params>
            <param index="0">
              <value>
                <![CDATA[chrome]]>
              </value>
            </param>
          </params>
          <reporter-output>
          </reporter-output>
        </test-method> <!-- Intializebrowser -->
      </class> <!-- Test.OptionalParameters -->
    </test> <!-- browser -->
  </suite> <!-- Suite -->
</testng-results>
