<?xml version="1.0" encoding="UTF-8"?>
<!-- Generated by org.testng.reporters.JUnitXMLReporter -->
<testsuite ignored="0" hostname="DESKTOP-P1CM33A" failures="0" tests="7" name="Test" time="49.924" errors="0" timestamp="2024-08-23T23:41:18 IST">
  <testcase classname="RemoteTest.Test1" name="test1" time="3.613"/>
  <testcase classname="RemoteTest.Test5" name="test1" time="5.601"/>
  <testcase classname="RemoteTest.Test2" name="test2" time="5.754"/>
  <testcase classname="RemoteTest.Test7" name="test1" time="3.02"/>
  <testcase classname="RemoteTest.Test3" name="test3" time="8.215"/>
  <testcase classname="RemoteTest.Test6" name="test1" time="3.974"/>
  <testcase classname="RemoteTest.Test4" name="test4" time="9.823"/>
</testsuite> <!-- Test -->
