<?xml version="1.0" encoding="UTF-8"?>
<!-- Generated by org.testng.reporters.JUnitXMLReporter -->
<testsuite ignored="0" hostname="DESKTOP-P1CM33A" failures="1" tests="12" name="Test2" time="0.203" errors="0" timestamp="2024-08-24T12:04:46 IST">
  <testcase classname="ExtentReport.Facebook_Login" name="faceBook_HomePage" time="0.003"/>
  <testcase classname="ExtentReport.Facebook_Login" name="faceBook_Notification" time="0.005"/>
  <testcase classname="ExtentReport.Facebook_Login" name="faceBook_Profile" time="0.004"/>
  <testcase classname="ExtentReport.Facebook_Login" name="faceBook_Registration" time="0.005"/>
  <testcase classname="ExtentReport.Facebook_Login" name="faceBook_Login" time="0.045">
    <skipped/>
  </testcase> <!-- faceBook_Login -->
  <testcase classname="ExtentReport.Facebook_Login" name="faceBook_TimeLine" time="0.002"/>
  <testcase classname="ExtentReport.Facebook_Login" name="faceBook_posts" time="0.003"/>
  <testcase classname="ExtentReport.Facebook_Login" name="faceBook_Login" time="0.005">
    <skipped/>
  </testcase> <!-- faceBook_Login -->
  <testcase classname="ExtentReport.Facebook_Login" name="faceBook_Login" time="0.002">
    <skipped/>
  </testcase> <!-- faceBook_Login -->
  <testcase classname="ExtentReport.Facebook_Login" name="faceBook_Login" time="0.002">
    <skipped/>
  </testcase> <!-- faceBook_Login -->
  <testcase classname="ExtentReport.Facebook_Login" name="faceBook_Login" time="0.002">
    <skipped/>
  </testcase> <!-- faceBook_Login -->
  <testcase classname="ExtentReport.Facebook_Login" name="faceBook_Login" time="0.002">
    <failure type="java.lang.AssertionError" message="expected [400] but found [300]">
      <![CDATA[java.lang.AssertionError: expected [400] but found [300]
at ExtentReport.Facebook_Login.faceBook_Login(Facebook_Login.java:30)
at java.base/java.util.concurrent.Executors$RunnableAdapter.call(Executors.java:539)
at java.base/java.util.concurrent.FutureTask.run(FutureTask.java:264)
at java.base/java.util.concurrent.ThreadPoolExecutor.runWorker(ThreadPoolExecutor.java:1136)
at java.base/java.util.concurrent.ThreadPoolExecutor$Worker.run(ThreadPoolExecutor.java:635)
at java.base/java.lang.Thread.run(Thread.java:842)
... Removed 20 stack frames]]>
    </failure>
  </testcase> <!-- faceBook_Login -->
</testsuite> <!-- Test2 -->
